<?xml version="1.0" encoding="UTF-8" ?>
<testsuite tests="18" failures="0" name="TestSuite" time="33.918" errors="0" skipped="0">
  <properties>
    <property name="java.vendor" value="Oracle Corporation"/>
    <property name="JOB_NAME" value="abc"/>
    <property name="sun.java.launcher" value="SUN_STANDARD"/>
    <property name="NUMBER_OF_PROCESSORS" value="4"/>
    <property name="sun.management.compiler" value="HotSpot 64-Bit Tiered Compilers"/>
    <property name="JENKINS_HOME" value="C:\Users\Yatan\.jenkins"/>
    <property name="HUDSON_SERVER_COOKIE" value="d5411d97c19172f2"/>
    <property name="POM_ARTIFACTID" value="Hospital"/>
    <property name="os.name" value="Windows 8.1"/>
    <property name="sun.boot.class.path" value="C:\Program Files\Java\jdk1.8.0_251\jre\lib\resources.jar;C:\Program Files\Java\jdk1.8.0_251\jre\lib\rt.jar;C:\Program Files\Java\jdk1.8.0_251\jre\lib\sunrsasign.jar;C:\Program Files\Java\jdk1.8.0_251\jre\lib\jsse.jar;C:\Program Files\Java\jdk1.8.0_251\jre\lib\jce.jar;C:\Program Files\Java\jdk1.8.0_251\jre\lib\charsets.jar;C:\Program Files\Java\jdk1.8.0_251\jre\lib\jfr.jar;C:\Program Files\Java\jdk1.8.0_251\jre\classes"/>
    <property name="EXECUTOR_NUMBER" value="1"/>
    <property name="sun.desktop" value="windows"/>
    <property name="PATHEXT" value=".COM;.EXE;.BAT;.CMD;.VBS;.VBE;.JS;.JSE;.WSF;.WSH;.MSC"/>
    <property name="java.vm.specification.vendor" value="Oracle Corporation"/>
    <property name="POM_DISPLAYNAME" value="Hospital"/>
    <property name="NODE_LABELS" value="master"/>
    <property name="TEMP" value="C:\Users\Yatan\AppData\Local\Temp"/>
    <property name="java.runtime.version" value="1.8.0_251-b08"/>
    <property name="JAVA_Home" value="C:\Program Files\Java\jdk1.8.0_251"/>
    <property name="user.name" value="Yatan"/>
    <property name="guice.disable.misplaced.annotation.check" value="true"/>
    <property name="CommonProgramW6432" value="C:\Program Files\Common Files"/>
    <property name="ProgramFiles" value="C:\Program Files"/>
    <property name="PROMPT" value="$P$G"/>
    <property name="user.language" value="en"/>
    <property name="JOB_BASE_NAME" value="abc"/>
    <property name="RUN_CHANGES_DISPLAY_URL" value="http://localhost:8080/job/abc/12/display/redirect?page=changes"/>
    <property name="BUILD_DISPLAY_NAME" value="#12"/>
    <property name="sun.boot.library.path" value="C:\Program Files\Java\jdk1.8.0_251\jre\bin"/>
    <property name="LOCALAPPDATA" value="C:\Users\Yatan\AppData\Local"/>
    <property name="java.version" value="1.8.0_251"/>
    <property name="PROCESSOR_LEVEL" value="6"/>
    <property name="user.timezone" value="Asia/Calcutta"/>
    <property name="USERNAME" value="Yatan"/>
    <property name="sun.arch.data.model" value="64"/>
    <property name="NODE_NAME" value="master"/>
    <property name="java.endorsed.dirs" value="C:\Program Files\Java\jdk1.8.0_251\jre\lib\endorsed"/>
    <property name="UOIPME_REG_PATH" value="C:\Program Files\Intel Corporation\USB over IP"/>
    <property name="BUILD_ID" value="12"/>
    <property name="sun.cpu.isalist" value="amd64"/>
    <property name="sun.jnu.encoding" value="Cp1252"/>
    <property name="file.encoding.pkg" value="sun.io"/>
    <property name="file.separator" value="\"/>
    <property name="java.specification.name" value="Java Platform API Specification"/>
    <property name="HOMEDRIVE" value="C:"/>
    <property name="maven.conf" value="C:\Users\Yatan\.jenkins\tools\hudson.tasks.Maven_MavenInstallation\_maven\conf"/>
    <property name="java.class.version" value="52.0"/>
    <property name="=::" value="::\"/>
    <property name="org.slf4j.simpleLogger.defaultLogLevel" value="info"/>
    <property name="user.country" value="US"/>
    <property name="ALLUSERSPROFILE" value="C:\ProgramData"/>
    <property name="java.home" value="C:\Program Files\Java\jdk1.8.0_251\jre"/>
    <property name="java.vm.info" value="mixed mode"/>
    <property name="os.version" value="6.3"/>
    <property name="RUN_DISPLAY_URL" value="http://localhost:8080/job/abc/12/display/redirect"/>
    <property name="POM_VERSION" value="0.0.1-SNAPSHOT"/>
    <property name="TMP" value="C:\Users\Yatan\AppData\Local\Temp"/>
    <property name="path.separator" value=";"/>
    <property name="java.vm.version" value="25.251-b08"/>
    <property name="user.variant" value=""/>
    <property name="JOB_DISPLAY_URL" value="http://localhost:8080/job/abc/display/redirect"/>
    <property name="CommonProgramFiles(x86)" value="C:\Program Files (x86)\Common Files"/>
    <property name="USERDOMAIN_ROAMINGPROFILE" value="Dell"/>
    <property name="java.awt.printerjob" value="sun.awt.windows.WPrinterJob"/>
    <property name="FP_NO_HOST_CHECK" value="NO"/>
    <property name="sun.io.unicode.encoding" value="UnicodeLittle"/>
    <property name="CommonProgramFiles" value="C:\Program Files\Common Files"/>
    <property name="ComSpec" value="C:\Windows\system32\cmd.exe"/>
    <property name="HOMEPATH" value="\Users\Yatan"/>
    <property name="awt.toolkit" value="sun.awt.windows.WToolkit"/>
    <property name="POM_PACKAGING" value="jar"/>
    <property name="asl.log" value="Destination=file"/>
    <property name="user.script" value=""/>
    <property name="COMPUTERNAME" value="DELL"/>
    <property name="POM_GROUPID" value="Hospital"/>
    <property name="user.home" value="C:\Users\Yatan"/>
    <property name="PUBLIC" value="C:\Users\Public"/>
    <property name="BUILD_TAG" value="jenkins-abc-12"/>
    <property name="JENKINS_SERVER_COOKIE" value="d5411d97c19172f2"/>
    <property name="HUDSON_URL" value="http://localhost:8080/"/>
    <property name="ProgramData" value="C:\ProgramData"/>
    <property name="java.specification.vendor" value="Oracle Corporation"/>
    <property name="USERPROFILE" value="C:\Users\Yatan"/>
    <property name="CLASSPATH" value=""/>
    <property name="java.vendor.url" value="http://java.oracle.com/"/>
    <property name="java.library.path" value="C:\Program Files\Java\jdk1.8.0_251\bin;C:\Windows\Sun\Java\bin;C:\Windows\system32;C:\Windows;C:\Users\Yatan\.jenkins\tools\hudson.tasks.Maven_MavenInstallation\_maven/bin;C:\Program Files\Java\jdk1.8.0_251/bin;C:\Program Files\Java\jdk1.8.0_251/bin;C:\Program Files (x86)\Common Files\Oracle\Java\javapath;C:\Program Files (x86)\Intel\iCLS Client\;C:\Program Files\Intel\iCLS Client\;C:\Windows\system32;C:\Windows;C:\Windows\System32\Wbem;C:\Windows\System32\WindowsPowerShell\v1.0\;C:\Program Files\Intel\Intel(R) Management Engine Components\DAL;C:\Program Files (x86)\Intel\Intel(R) Management Engine Components\DAL;C:\Program Files\Intel\Intel(R) Management Engine Components\IPT;C:\Program Files (x86)\Intel\Intel(R) Management Engine Components\IPT;C:\Program Files\Intel\WiFi\bin\;C:\Program Files\Common Files\Intel\WirelessCommon\;E:\Yatinder\software\New folder\mysql-8.0.12-winx64\mysql-8.0.12-winx64\bin;C:\Program Files\Git\cmd;C:\Program Files\Java\jdk1.8.0_251\bin;."/>
    <property name="java.vm.vendor" value="Oracle Corporation"/>
    <property name="APPDATA" value="C:\Users\Yatan\AppData\Roaming"/>
    <property name="java.runtime.name" value="Java(TM) SE Runtime Environment"/>
    <property name="maven.home" value="C:\Users\Yatan\.jenkins\tools\hudson.tasks.Maven_MavenInstallation\_maven"/>
    <property name="java.class.path" value="C:\Users\Yatan\.jenkins\plugins\maven-plugin\WEB-INF\lib\maven35-agent-1.13.jar;C:\Users\Yatan\.jenkins\tools\hudson.tasks.Maven_MavenInstallation\_maven\boot\plexus-classworlds-2.6.0.jar;C:\Users\Yatan\.jenkins\tools\hudson.tasks.Maven_MavenInstallation\_maven/conf/logging"/>
    <property name="sun.java.command" value="jenkins.maven3.agent.Maven35Main C:\Users\Yatan\.jenkins\tools\hudson.tasks.Maven_MavenInstallation\_maven C:\Users\Yatan\.jenkins\war\WEB-INF\lib\remoting-4.3.jar C:\Users\Yatan\.jenkins\plugins\maven-plugin\WEB-INF\lib\maven35-interceptor-1.13.jar C:\Users\Yatan\.jenkins\plugins\maven-plugin\WEB-INF\lib\maven3-interceptor-commons-1.13.jar 50468"/>
    <property name="Path" value="C:\Program Files\Java\jdk1.8.0_251/bin;C:\Program Files (x86)\Common Files\Oracle\Java\javapath;C:\Program Files (x86)\Intel\iCLS Client\;C:\Program Files\Intel\iCLS Client\;C:\Windows\system32;C:\Windows;C:\Windows\System32\Wbem;C:\Windows\System32\WindowsPowerShell\v1.0\;C:\Program Files\Intel\Intel(R) Management Engine Components\DAL;C:\Program Files (x86)\Intel\Intel(R) Management Engine Components\DAL;C:\Program Files\Intel\Intel(R) Management Engine Components\IPT;C:\Program Files (x86)\Intel\Intel(R) Management Engine Components\IPT;C:\Program Files\Intel\WiFi\bin\;C:\Program Files\Common Files\Intel\WirelessCommon\;E:\Yatinder\software\New folder\mysql-8.0.12-winx64\mysql-8.0.12-winx64\bin;C:\Program Files\Git\cmd;C:\Program Files\Java\jdk1.8.0_251\bin"/>
    <property name="java.vm.specification.name" value="Java Virtual Machine Specification"/>
    <property name="PROCESSOR_ARCHITECTURE" value="AMD64"/>
    <property name="PATH+JDK" value="C:\Program Files\Java\jdk1.8.0_251/bin"/>
    <property name="PROCESSOR_IDENTIFIER" value="Intel64 Family 6 Model 69 Stepping 1, GenuineIntel"/>
    <property name="SESSIONNAME" value="Console"/>
    <property name="java.vm.specification.version" value="1.8"/>
    <property name="sun.os.patch.level" value=""/>
    <property name="sun.cpu.endian" value="little"/>
    <property name="M2_HOME" value="C:\Users\Yatan\.jenkins\tools\hudson.tasks.Maven_MavenInstallation\_maven"/>
    <property name="java.io.tmpdir" value="C:\Users\Yatan\AppData\Local\Temp\"/>
    <property name="OS" value="Windows_NT"/>
    <property name="HUDSON_HOME" value="C:\Users\Yatan\.jenkins"/>
    <property name="PATH+MAVEN" value="C:\Users\Yatan\.jenkins\tools\hudson.tasks.Maven_MavenInstallation\_maven/bin"/>
    <property name="ProgramFiles(x86)" value="C:\Program Files (x86)"/>
    <property name="BUILD_URL" value="http://localhost:8080/job/abc/12/"/>
    <property name="java.vendor.url.bug" value="http://bugreport.sun.com/bugreport/"/>
    <property name="java.awt.graphicsenv" value="sun.awt.Win32GraphicsEnvironment"/>
    <property name="os.arch" value="amd64"/>
    <property name="SystemRoot" value="C:\Windows"/>
    <property name="java.ext.dirs" value="C:\Program Files\Java\jdk1.8.0_251\jre\lib\ext;C:\Windows\Sun\Java\lib\ext"/>
    <property name="user.dir" value="E:\ehospital\Hospital"/>
    <property name="JOB_URL" value="http://localhost:8080/job/abc/"/>
    <property name="LOGONSERVER" value="\\DELL"/>
    <property name="USERDOMAIN" value="Dell"/>
    <property name="line.separator" value="
"/>
    <property name="MAVEN_HOME" value="C:\Users\Yatan\.jenkins\tools\hudson.tasks.Maven_MavenInstallation\_maven"/>
    <property name="java.vm.name" value="Java HotSpot(TM) 64-Bit Server VM"/>
    <property name="BUILD_NUMBER" value="12"/>
    <property name="JENKINS_URL" value="http://localhost:8080/"/>
    <property name="PROCESSOR_REVISION" value="4501"/>
    <property name="ProgramW6432" value="C:\Program Files"/>
    <property name="windir" value="C:\Windows"/>
    <property name="=C:" value="C:\Program Files (x86)\Jenkins"/>
    <property name="file.encoding" value="Cp1252"/>
    <property name="SystemDrive" value="C:"/>
    <property name="maven3.interceptor" value="C:\Users\Yatan\.jenkins\plugins\maven-plugin\WEB-INF\lib\maven35-interceptor-1.13.jar"/>
    <property name="WORKSPACE_TMP" value="C:\Users\Yatan\.jenkins\workspace\abc@tmp"/>
    <property name="WORKSPACE" value="C:\Users\Yatan\.jenkins\workspace\abc"/>
    <property name="maven3.interceptor.common" value="C:\Users\Yatan\.jenkins\plugins\maven-plugin\WEB-INF\lib\maven3-interceptor-commons-1.13.jar"/>
    <property name="java.specification.version" value="1.8"/>
    <property name="PSModulePath" value="C:\Windows\system32\WindowsPowerShell\v1.0\Modules\"/>
  </properties>
  <testcase classname="com.qa.testcases.HomeTest" name="verify_home_page_URL_Test" time="4.249"/>
  <testcase classname="com.qa.testcases.LoginTest" name="LoginPageTitelTest" time="0.029"/>
  <testcase classname="com.qa.testcases.NewRegistrationTest" name="Verify_Enter_Mobile_Popup_test" time="0.994"/>
  <testcase classname="com.qa.testcases.PasswordTest" name="verify_password_page_Title" time="0.017"/>
  <testcase classname="com.qa.testcases.HomeTest" name="verify_patient_registration_link_Test" time="7.555"/>
  <testcase classname="com.qa.testcases.LoginTest" name="eHospitalLogoTest" time="0.167"/>
  <testcase classname="com.qa.testcases.NewRegistrationTest" name="Enter_Mobile_No_Textfield_Test" time="0.909"/>
  <testcase classname="com.qa.testcases.PasswordTest" name="Verify_Username_is_Displayed_Test" time="0.097"/>
  <testcase classname="com.qa.testcases.HomeTest" name="verify_new_registration_link_Test" time="5.09"/>
  <testcase classname="com.qa.testcases.LoginTest" name="UsernameTest" time="1.879"/>
  <testcase classname="com.qa.testcases.NewRegistrationTest" name="Verify_Search_Button_Ispresent_Test" time="0.918"/>
  <testcase classname="com.qa.testcases.PasswordTest" name="Enter_Password_Test" time="5.675"/>
  <testcase classname="com.qa.testcases.NewRegistrationTest" name="Verify_Search_Button_Functioning_Test" time="1.567"/>
  <testcase classname="com.qa.testcases.PasswordTest" name="ClickingForgot_Password_Test" time="0.729"/>
  <testcase classname="com.qa.testcases.NewRegistrationTest" name="Verify_Skip_Button_Availability_Test" time="0.79"/>
  <testcase classname="com.qa.testcases.PasswordTest" name="Use_Another_user_Test" time="0.643"/>
  <testcase classname="com.qa.testcases.NewRegistrationTest" name="Verify_Skip_Button_Functioning_Test" time="1.42"/>
  <testcase classname="com.qa.testcases.NewRegistrationTest" name="Registration_Form_Redirection_Test" time="1.19"/>
</testsuite>