<?xml version="1.0" encoding="UTF-8"?>
<!-- Generated by org.testng.reporters.JUnitReportReporter -->
<testsuite hostname="Dell" name="com.qa.testcases.LoginTest" tests="3" failures="0" timestamp="21 Apr 2020 05:41:15 GMT" time="114.086" errors="0">
  <testcase name="LoginPageTitelTest" time="32.050" classname="com.qa.testcases.LoginTest"/>
  <testcase name="UsernameTest" time="44.112" classname="com.qa.testcases.LoginTest"/>
  <testcase name="eHospitalLogoTest" time="37.924" classname="com.qa.testcases.LoginTest"/>
</testsuite> <!-- com.qa.testcases.LoginTest -->
