<?xml version="1.0" encoding="UTF-8"?>
<!-- Generated by org.testng.reporters.JUnitReportReporter -->
<testsuite hostname="Dell" name="com.qa.testcases.LoginTest" tests="3" failures="0" timestamp="24 Apr 2020 04:49:57 GMT" time="139.131" errors="0">
  <testcase name="LoginPageTitelTest" time="54.177" classname="com.qa.testcases.LoginTest"/>
  <testcase name="UsernameTest" time="40.219" classname="com.qa.testcases.LoginTest"/>
  <testcase name="eHospitalLogoTest" time="44.735" classname="com.qa.testcases.LoginTest"/>
</testsuite> <!-- com.qa.testcases.LoginTest -->
