<?xml version="1.0" encoding="UTF-8"?>
<!-- Generated by org.testng.reporters.JUnitReportReporter -->
<testsuite hostname="Dell" name="com.qa.testcases.PasswordTest" tests="5" failures="0" timestamp="22 Apr 2020 10:34:11 GMT" time="229.913" errors="0">
  <testcase name="Enter_Password_Test" time="32.489" classname="com.qa.testcases.PasswordTest"/>
  <testcase name="Verify_Username_is_Displayed_Test" time="28.223" classname="com.qa.testcases.PasswordTest"/>
  <testcase name="Use_Another_user_Test" time="34.023" classname="com.qa.testcases.PasswordTest"/>
  <testcase name="verify_password_page_Title" time="66.697" classname="com.qa.testcases.PasswordTest"/>
  <testcase name="ClickingForgot_Password_Test" time="68.481" classname="com.qa.testcases.PasswordTest"/>
</testsuite> <!-- com.qa.testcases.PasswordTest -->
