<?xml version="1.0" encoding="UTF-8"?>
<!-- Generated by org.testng.reporters.JUnitReportReporter -->
<testsuite hostname="Dell" name="com.qa.testcases.NewRegistrationTest" tests="7" failures="0" timestamp="17 Apr 2020 06:57:55 GMT" time="253.421" errors="0">
  <testcase name="Registration_Form_Redirection_Test" time="35.192" classname="com.qa.testcases.NewRegistrationTest"/>
  <testcase name="Verify_Search_Button_Ispresent_Test" time="35.586" classname="com.qa.testcases.NewRegistrationTest"/>
  <testcase name="Verify_Enter_Mobile_Popup_test" time="34.382" classname="com.qa.testcases.NewRegistrationTest"/>
  <testcase name="Verify_Skip_Button_Availability_Test" time="35.823" classname="com.qa.testcases.NewRegistrationTest"/>
  <testcase name="Verify_Skip_Button_Functioning_Test" time="40.462" classname="com.qa.testcases.NewRegistrationTest"/>
  <testcase name="Verify_Search_Button_Functioning_Test" time="36.676" classname="com.qa.testcases.NewRegistrationTest"/>
  <testcase name="Enter_Mobile_No_Textfield_Test" time="35.300" classname="com.qa.testcases.NewRegistrationTest"/>
</testsuite> <!-- com.qa.testcases.NewRegistrationTest -->
