<?xml version="1.0" encoding="UTF-8"?>
<!-- Generated by org.testng.reporters.JUnitReportReporter -->
<testsuite hostname="Dell" name="com.qa.testcases.PasswordTest" tests="5" failures="0" timestamp="21 Apr 2020 05:41:15 GMT" time="162.973" errors="0">
  <testcase name="Enter_Password_Test" time="32.814" classname="com.qa.testcases.PasswordTest"/>
  <testcase name="Verify_Username_is_Displayed_Test" time="29.316" classname="com.qa.testcases.PasswordTest"/>
  <testcase name="verify_password_page_Title" time="26.979" classname="com.qa.testcases.PasswordTest"/>
  <testcase name="ClickingForgot_Password_Test" time="41.745" classname="com.qa.testcases.PasswordTest"/>
  <testcase name="Use_Another_user_Test" time="32.119" classname="com.qa.testcases.PasswordTest"/>
</testsuite> <!-- com.qa.testcases.PasswordTest -->
