<?xml version="1.0" encoding="UTF-8"?>
<!-- Generated by org.testng.reporters.JUnitReportReporter -->
<testsuite hostname="Dell" name="com.qa.testcases.LoginTest" tests="3" failures="0" timestamp="22 Apr 2020 10:34:11 GMT" time="97.755" errors="0">
  <testcase name="LoginPageTitelTest" time="34.616" classname="com.qa.testcases.LoginTest"/>
  <testcase name="UsernameTest" time="35.582" classname="com.qa.testcases.LoginTest"/>
  <testcase name="eHospitalLogoTest" time="27.557" classname="com.qa.testcases.LoginTest"/>
</testsuite> <!-- com.qa.testcases.LoginTest -->
