<?xml version="1.0" encoding="UTF-8"?>
<!-- Generated by org.testng.reporters.JUnitReportReporter -->
<testsuite hostname="Dell" name="com.qa.testcases.LoginTest" tests="3" failures="0" timestamp="17 Apr 2020 06:57:55 GMT" time="88.018" errors="0">
  <testcase name="LoginPageTitelTest" time="34.145" classname="com.qa.testcases.LoginTest"/>
  <testcase name="UsernameTest" time="27.042" classname="com.qa.testcases.LoginTest"/>
  <testcase name="eHospitalLogoTest" time="26.831" classname="com.qa.testcases.LoginTest"/>
</testsuite> <!-- com.qa.testcases.LoginTest -->
