<?xml version="1.0" encoding="UTF-8"?>
<!-- Generated by org.testng.reporters.JUnitReportReporter -->
<testsuite hostname="Dell" name="com.qa.testcases.PasswordTest" tests="5" failures="0" timestamp="17 Apr 2020 06:57:55 GMT" time="176.773" errors="0">
  <testcase name="Verify_Username_is_Displayed_Test" time="29.206" classname="com.qa.testcases.PasswordTest"/>
  <testcase name="ClickingForgot_Password_Test" time="35.637" classname="com.qa.testcases.PasswordTest"/>
  <testcase name="Enter_Password_Test" time="34.663" classname="com.qa.testcases.PasswordTest"/>
  <testcase name="Use_Another_user_Test" time="32.560" classname="com.qa.testcases.PasswordTest"/>
  <testcase name="verify_password_page_Title" time="44.707" classname="com.qa.testcases.PasswordTest"/>
</testsuite> <!-- com.qa.testcases.PasswordTest -->
