<?xml version="1.0" encoding="UTF-8"?>
<!-- Generated by org.testng.reporters.JUnitReportReporter -->
<testsuite hostname="Dell" name="com.qa.testcases.PasswordTest" tests="5" failures="0" timestamp="24 Apr 2020 04:49:57 GMT" time="217.464" errors="0">
  <testcase name="ClickingForgot_Password_Test" time="35.995" classname="com.qa.testcases.PasswordTest"/>
  <testcase name="Verify_Username_is_Displayed_Test" time="36.832" classname="com.qa.testcases.PasswordTest"/>
  <testcase name="verify_password_page_Title" time="50.186" classname="com.qa.testcases.PasswordTest"/>
  <testcase name="Enter_Password_Test" time="47.950" classname="com.qa.testcases.PasswordTest"/>
  <testcase name="Use_Another_user_Test" time="46.501" classname="com.qa.testcases.PasswordTest"/>
</testsuite> <!-- com.qa.testcases.PasswordTest -->
