<?xml version="1.0" encoding="UTF-8"?>
<!-- Generated by org.testng.reporters.JUnitReportReporter -->
<testsuite hostname="Dell" name="com.qa.testcases.NewRegistrationTest" tests="7" failures="0" timestamp="24 Apr 2020 05:04:11 GMT" time="282.102" errors="0">
  <testcase name="Verify_Enter_Mobile_Popup_test" time="34.964" classname="com.qa.testcases.NewRegistrationTest"/>
  <testcase name="Verify_Skip_Button_Functioning_Test" time="37.511" classname="com.qa.testcases.NewRegistrationTest"/>
  <testcase name="Verify_Skip_Button_Availability_Test" time="39.728" classname="com.qa.testcases.NewRegistrationTest"/>
  <testcase name="Registration_Form_Redirection_Test" time="52.053" classname="com.qa.testcases.NewRegistrationTest"/>
  <testcase name="Verify_Search_Button_Functioning_Test" time="36.055" classname="com.qa.testcases.NewRegistrationTest"/>
  <testcase name="Enter_Mobile_No_Textfield_Test" time="39.557" classname="com.qa.testcases.NewRegistrationTest"/>
  <testcase name="Verify_Search_Button_Ispresent_Test" time="42.234" classname="com.qa.testcases.NewRegistrationTest"/>
</testsuite> <!-- com.qa.testcases.NewRegistrationTest -->
