<?xml version="1.0" encoding="UTF-8"?>
<!-- Generated by org.testng.reporters.JUnitReportReporter -->
<testsuite hostname="Dell" name="com.qa.testcases.LoginTest" tests="3" failures="0" timestamp="22 Apr 2020 10:00:48 GMT" time="102.353" errors="0">
  <testcase name="LoginPageTitelTest" time="35.233" classname="com.qa.testcases.LoginTest"/>
  <testcase name="eHospitalLogoTest" time="30.708" classname="com.qa.testcases.LoginTest"/>
  <testcase name="UsernameTest" time="36.412" classname="com.qa.testcases.LoginTest"/>
</testsuite> <!-- com.qa.testcases.LoginTest -->
