<?xml version="1.0" encoding="UTF-8"?>
<!-- Generated by org.testng.reporters.JUnitReportReporter -->
<testsuite hostname="Dell" name="com.qa.testcases.PasswordTest" tests="5" failures="0" timestamp="24 Apr 2020 05:43:50 GMT" time="171.450" errors="0">
  <testcase name="Verify_Username_is_Displayed_Test" time="32.721" classname="com.qa.testcases.PasswordTest"/>
  <testcase name="Use_Another_user_Test" time="36.670" classname="com.qa.testcases.PasswordTest"/>
  <testcase name="Enter_Password_Test" time="36.357" classname="com.qa.testcases.PasswordTest"/>
  <testcase name="ClickingForgot_Password_Test" time="30.185" classname="com.qa.testcases.PasswordTest"/>
  <testcase name="verify_password_page_Title" time="35.517" classname="com.qa.testcases.PasswordTest"/>
</testsuite> <!-- com.qa.testcases.PasswordTest -->
