<?xml version="1.0" encoding="UTF-8"?>
<!-- Generated by org.testng.reporters.JUnitReportReporter -->
<testsuite hostname="Dell" name="com.qa.testcases.LoginTest" tests="3" failures="0" timestamp="24 Apr 2020 05:43:50 GMT" time="83.318" errors="0">
  <testcase name="LoginPageTitelTest" time="26.211" classname="com.qa.testcases.LoginTest"/>
  <testcase name="UsernameTest" time="29.633" classname="com.qa.testcases.LoginTest"/>
  <testcase name="eHospitalLogoTest" time="27.474" classname="com.qa.testcases.LoginTest"/>
</testsuite> <!-- com.qa.testcases.LoginTest -->
