<?xml version="1.0" encoding="UTF-8"?>
<!-- Generated by org.testng.reporters.JUnitReportReporter -->
<testsuite hostname="Dell" name="com.qa.testcases.NewRegistrationTest" tests="7" failures="0" timestamp="24 Apr 2020 05:43:50 GMT" time="277.201" errors="0">
  <testcase name="Verify_Enter_Mobile_Popup_test" time="38.032" classname="com.qa.testcases.NewRegistrationTest"/>
  <testcase name="Verify_Search_Button_Ispresent_Test" time="40.416" classname="com.qa.testcases.NewRegistrationTest"/>
  <testcase name="Verify_Skip_Button_Availability_Test" time="35.600" classname="com.qa.testcases.NewRegistrationTest"/>
  <testcase name="Enter_Mobile_No_Textfield_Test" time="38.983" classname="com.qa.testcases.NewRegistrationTest"/>
  <testcase name="Verify_Search_Button_Functioning_Test" time="48.112" classname="com.qa.testcases.NewRegistrationTest"/>
  <testcase name="Registration_Form_Redirection_Test" time="37.227" classname="com.qa.testcases.NewRegistrationTest"/>
  <testcase name="Verify_Skip_Button_Functioning_Test" time="38.831" classname="com.qa.testcases.NewRegistrationTest"/>
</testsuite> <!-- com.qa.testcases.NewRegistrationTest -->
