<?xml version="1.0" encoding="UTF-8"?>
<!-- Generated by org.testng.reporters.JUnitReportReporter -->
<testsuite hostname="Dell" name="com.qa.testcases.LoginTest" tests="3" failures="0" timestamp="21 Apr 2020 05:24:14 GMT" time="67.007" errors="0">
  <testcase name="eHospitalLogoTest" time="19.282" classname="com.qa.testcases.LoginTest"/>
  <testcase name="UsernameTest" time="24.330" classname="com.qa.testcases.LoginTest"/>
  <testcase name="LoginPageTitelTest" time="23.395" classname="com.qa.testcases.LoginTest"/>
</testsuite> <!-- com.qa.testcases.LoginTest -->
