<?xml version="1.0" encoding="UTF-8"?>
<!-- Generated by org.testng.reporters.JUnitReportReporter -->
<testsuite hostname="Dell" name="com.qa.testcases.PasswordTest" tests="5" failures="0" timestamp="22 Apr 2020 10:00:48 GMT" time="204.090" errors="0">
  <testcase name="Verify_Username_is_Displayed_Test" time="36.444" classname="com.qa.testcases.PasswordTest"/>
  <testcase name="verify_password_page_Title" time="47.139" classname="com.qa.testcases.PasswordTest"/>
  <testcase name="Use_Another_user_Test" time="42.329" classname="com.qa.testcases.PasswordTest"/>
  <testcase name="ClickingForgot_Password_Test" time="35.157" classname="com.qa.testcases.PasswordTest"/>
  <testcase name="Enter_Password_Test" time="43.021" classname="com.qa.testcases.PasswordTest"/>
</testsuite> <!-- com.qa.testcases.PasswordTest -->
