<?xml version="1.0" encoding="UTF-8"?>
<!-- Generated by org.testng.reporters.JUnitReportReporter -->
<testsuite hostname="Dell" name="com.qa.testcases.HomeTest" tests="3" failures="0" timestamp="24 Apr 2020 05:43:50 GMT" time="122.210" errors="0">
  <testcase name="verify_home_page_URL_Test" time="43.020" classname="com.qa.testcases.HomeTest"/>
  <testcase name="verify_new_registration_link_Test" time="36.994" classname="com.qa.testcases.HomeTest"/>
  <testcase name="verify_patient_registration_link_Test" time="42.196" classname="com.qa.testcases.HomeTest"/>
</testsuite> <!-- com.qa.testcases.HomeTest -->
